2021-12-17 16:07:28.351  INFO 25648 --- [main] c.e.springboot.SpringbootApplication     : Starting SpringbootApplication using Java 1.8.0_201 on AC5957 with PID 25648 (E:\project-learn\springboot\target\classes started by Administrator in E:\project-learn\springboot)
2021-12-17 16:07:28.355 DEBUG 25648 --- [main] c.e.springboot.SpringbootApplication     : Running with Spring Boot v2.6.1, Spring v5.3.13
2021-12-17 16:07:28.355  INFO 25648 --- [main] c.e.springboot.SpringbootApplication     : No active profile set, falling back to default profiles: default
2021-12-17 16:07:29.327  INFO 25648 --- [main] o.s.b.w.embedded.tomcat.TomcatWebServer  : Tomcat initialized with port(s): 8080 (http)
2021-12-17 16:07:29.335  INFO 25648 --- [main] o.apache.catalina.core.StandardService   : Starting service [Tomcat]
2021-12-17 16:07:29.335  INFO 25648 --- [main] org.apache.catalina.core.StandardEngine  : Starting Servlet engine: [Apache Tomcat/9.0.55]
2021-12-17 16:07:29.401  INFO 25648 --- [main] o.a.c.c.C.[Tomcat].[localhost].[/]       : Initializing Spring embedded WebApplicationContext
2021-12-17 16:07:29.401  INFO 25648 --- [main] w.s.c.ServletWebServerApplicationContext : Root WebApplicationContext: initialization completed in 972 ms
2021-12-17 16:07:29.699  INFO 25648 --- [main] o.s.b.w.embedded.tomcat.TomcatWebServer  : Tomcat started on port(s): 8080 (http) with context path ''
2021-12-17 16:07:29.706  INFO 25648 --- [main] c.e.springboot.SpringbootApplication     : Started SpringbootApplication in 1.905 seconds (JVM running for 2.86)
2021-12-17 16:07:32.188  INFO 25648 --- [http-nio-8080-exec-2] o.a.c.c.C.[Tomcat].[localhost].[/]       : Initializing Spring DispatcherServlet 'dispatcherServlet'
2021-12-17 16:07:32.188  INFO 25648 --- [http-nio-8080-exec-2] o.s.web.servlet.DispatcherServlet        : Initializing Servlet 'dispatcherServlet'
2021-12-17 16:07:32.189  INFO 25648 --- [http-nio-8080-exec-2] o.s.web.servlet.DispatcherServlet        : Completed initialization in 1 ms
2021-12-17 16:07:32.208 DEBUG 25648 --- [http-nio-8080-exec-2] c.e.s.controller.HelloWorldController    : debug
2021-12-17 16:07:32.208  INFO 25648 --- [http-nio-8080-exec-2] c.e.s.controller.HelloWorldController    : info
2021-12-17 16:07:32.209 ERROR 25648 --- [http-nio-8080-exec-2] c.e.s.controller.HelloWorldController    : error
2021-12-17 16:07:32.916 DEBUG 25648 --- [http-nio-8080-exec-3] c.e.s.controller.HelloWorldController    : debug
2021-12-17 16:07:32.916  INFO 25648 --- [http-nio-8080-exec-3] c.e.s.controller.HelloWorldController    : info
2021-12-17 16:07:32.916 ERROR 25648 --- [http-nio-8080-exec-3] c.e.s.controller.HelloWorldController    : error
2021-12-17 16:07:33.503 DEBUG 25648 --- [http-nio-8080-exec-4] c.e.s.controller.HelloWorldController    : debug
2021-12-17 16:07:33.504  INFO 25648 --- [http-nio-8080-exec-4] c.e.s.controller.HelloWorldController    : info
2021-12-17 16:07:33.504 ERROR 25648 --- [http-nio-8080-exec-4] c.e.s.controller.HelloWorldController    : error
2021-12-17 16:07:34.693 DEBUG 25648 --- [http-nio-8080-exec-5] c.e.s.controller.HelloWorldController    : debug
2021-12-17 16:07:34.694  INFO 25648 --- [http-nio-8080-exec-5] c.e.s.controller.HelloWorldController    : info
2021-12-17 16:07:34.694 ERROR 25648 --- [http-nio-8080-exec-5] c.e.s.controller.HelloWorldController    : error
2021-12-17 16:07:35.006 DEBUG 25648 --- [http-nio-8080-exec-6] c.e.s.controller.HelloWorldController    : debug
2021-12-17 16:07:35.006  INFO 25648 --- [http-nio-8080-exec-6] c.e.s.controller.HelloWorldController    : info
2021-12-17 16:07:35.006 ERROR 25648 --- [http-nio-8080-exec-6] c.e.s.controller.HelloWorldController    : error
2021-12-17 16:07:48.266 DEBUG 25648 --- [http-nio-8080-exec-7] c.e.s.controller.HelloWorldController    : debug
2021-12-17 16:07:48.266  INFO 25648 --- [http-nio-8080-exec-7] c.e.s.controller.HelloWorldController    : info
2021-12-17 16:07:48.266 ERROR 25648 --- [http-nio-8080-exec-7] c.e.s.controller.HelloWorldController    : error
2021-12-17 16:07:49.382 DEBUG 25648 --- [http-nio-8080-exec-8] c.e.s.controller.HelloWorldController    : debug
2021-12-17 16:07:49.382  INFO 25648 --- [http-nio-8080-exec-8] c.e.s.controller.HelloWorldController    : info
2021-12-17 16:07:49.382 ERROR 25648 --- [http-nio-8080-exec-8] c.e.s.controller.HelloWorldController    : error
